<?xml version="1.0" encoding="UTF-8"?>
<!-- Generated by org.testng.reporters.JUnitXMLReporter -->
<testsuite ignored="1" hostname="LAPTOP-COQFRCSP" failures="0" tests="2" name="home" time="0.015" errors="0" timestamp="2023-03-04T22:54:00 IST">
  <testcase classname="RealFramework.PersonalLoan" name="LandLoan" time="0.002"/>
  <testcase classname="RealFramework.PersonalLoan" name="studentLoan" time="0.004"/>
  <testcase classname="RealFramework.PersonalLoan" name="employeeLoan" time="0.0">
    <ignored/>
  </testcase> <!-- employeeLoan -->
</testsuite> <!-- home -->
