<?xml version="1.0" encoding="UTF-8"?>
<!-- Generated by org.testng.reporters.JUnitXMLReporter -->
<testsuite ignored="1" hostname="LAPTOP-COQFRCSP" failures="0" tests="2" name="Loan" time="0.086" errors="0" timestamp="2023-03-04T22:54:00 IST">
  <testcase classname="RealFramework.CarLoan" name="Brand" time="0.018"/>
  <testcase classname="RealFramework.CarLoan" name="loginCar" time="0.003"/>
  <testcase classname="RealFramework.CarLoan" name="carName" time="0.0">
    <ignored/>
  </testcase> <!-- carName -->
</testsuite> <!-- Loan -->
