<?xml version="1.0" encoding="UTF-8"?>
<testng-results ignored="2" total="6" passed="4" failed="0" skipped="0">
  <reporter-output>
  </reporter-output>
  <suite started-at="2023-03-04T22:54:00 IST" name="Suite" finished-at="2023-03-04T22:54:00 IST" duration-ms="242">
    <groups>
    </groups>
    <test started-at="2023-03-04T22:54:00 IST" name="Loan" finished-at="2023-03-04T22:54:00 IST" duration-ms="86">
      <class name="RealFramework.CarLoan">
        <test-method signature="Brand()[pri:0, instance:RealFramework.CarLoan@78aab498]" started-at="2023-03-04T22:54:00 IST" name="Brand" finished-at="2023-03-04T22:54:00 IST" duration-ms="18" status="PASS">
          <reporter-output>
          </reporter-output>
        </test-method> <!-- Brand -->
        <test-method signature="loginCar()[pri:0, instance:RealFramework.CarLoan@78aab498]" started-at="2023-03-04T22:54:00 IST" name="loginCar" finished-at="2023-03-04T22:54:00 IST" duration-ms="3" status="PASS">
          <reporter-output>
          </reporter-output>
        </test-method> <!-- loginCar -->
      </class> <!-- RealFramework.CarLoan -->
    </test> <!-- Loan -->
    <test started-at="2023-03-04T22:54:00 IST" name="home" finished-at="2023-03-04T22:54:00 IST" duration-ms="15">
      <class name="RealFramework.PersonalLoan">
        <test-method signature="LandLoan()[pri:0, instance:RealFramework.PersonalLoan@4b0b0854]" started-at="2023-03-04T22:54:00 IST" name="LandLoan" finished-at="2023-03-04T22:54:00 IST" duration-ms="2" status="PASS">
          <reporter-output>
          </reporter-output>
        </test-method> <!-- LandLoan -->
        <test-method signature="studentLoan()[pri:0, instance:RealFramework.PersonalLoan@4b0b0854]" started-at="2023-03-04T22:54:00 IST" name="studentLoan" finished-at="2023-03-04T22:54:00 IST" duration-ms="4" status="PASS">
          <reporter-output>
          </reporter-output>
        </test-method> <!-- studentLoan -->
      </class> <!-- RealFramework.PersonalLoan -->
    </test> <!-- home -->
  </suite> <!-- Suite -->
</testng-results>
